failed to create drawable
compiz (core) - Warn: glXCreatePixmap failed
compiz (core) - Warn: Couldn't bind background pixmap 0x3200001 to texture
failed to create drawable
compiz (core) - Warn: glXCreatePixmap failed
compiz (core) - Warn: Couldn't bind background pixmap 0x3200001 to texture
failed to create drawable
compiz (core) - Warn: glXCreatePixmap failed
compiz (core) - Warn: Couldn't bind background pixmap 0x3200001 to texture
failed to create drawable
compiz (core) - Warn: glXCreatePixmap failed
compiz (core) - Warn: Couldn't bind background pixmap 0x3a00001 to texture
failed to create drawable
compiz (core) - Warn: glXCreatePixmap failed
compiz (core) - Warn: Couldn't bind background pixmap 0x3c00001 to texture
failed to create drawable
compiz (core) - Warn: glXCreatePixmap failed
compiz (core) - Warn: Couldn't bind background pixmap 0x3a00001 to texture
failed to create drawable
compiz (core) - Warn: glXCreatePixmap failed
compiz (core) - Warn: Couldn't bind background pixmap 0x3c00001 to texture
failed to create drawable
compiz (core) - Warn: glXCreatePixmap failed
compiz (core) - Warn: Couldn't bind background pixmap 0x3a00001 to texture
ERROR 2019-12-04 00:38:57 unity.settings UnitySettings.cpp:404 Invalid monitor index: -1. Returning index 0 monitor instead.
failed to create drawable
compiz (core) - Warn: glXCreatePixmap failed
compiz (core) - Warn: Couldn't bind background pixmap 0x3c00001 to texture
failed to create drawable
compiz (core) - Warn: glXCreatePixmap failed
compiz (core) - Warn: Couldn't bind background pixmap 0x3a00001 to texture
ERROR 2019-12-04 00:44:16 nux.gestures_subscription GesturesSubscription.cpp:93 Failed to deactivate Geis subscription.
ERROR 2019-12-04 00:44:16 nux.gestures_subscription GesturesSubscription.cpp:93 Failed to deactivate Geis subscription.
ERROR 2019-12-04 00:44:16 nux.gestures_subscription GesturesSubscription.cpp:93 Failed to deactivate Geis subscription.
failed to create drawable
compiz (core) - Warn: glXCreatePixmap failed
compiz (core) - Warn: Couldn't bind background pixmap 0x3c00001 to texture
failed to create drawable
compiz (core) - Warn: glXCreatePixmap failed
compiz (core) - Warn: Couldn't bind background pixmap 0x3a00001 to texture
failed to create drawable
compiz (core) - Warn: glXCreatePixmap failed
compiz (core) - Warn: Couldn't bind background pixmap 0x3c00001 to texture
failed to create drawable
compiz (core) - Warn: glXCreatePixmap failed
compiz (core) - Warn: Couldn't bind background pixmap 0x3a00001 to texture
failed to create drawable
compiz (core) - Warn: glXCreatePixmap failed
compiz (core) - Warn: Couldn't bind background pixmap 0x3c00001 to texture
failed to create drawable
compiz (core) - Warn: glXCreatePixmap failed
compiz (core) - Warn: Couldn't bind background pixmap 0x3a00001 to texture
failed to create drawable
compiz (core) - Warn: glXCreatePixmap failed
compiz (core) - Warn: Couldn't bind background pixmap 0x3c00001 to texture
failed to create drawable
compiz (core) - Warn: glXCreatePixmap failed
compiz (core) - Warn: Couldn't bind background pixmap 0x3a00001 to texture
failed to create drawable
compiz (core) - Warn: glXCreatePixmap failed
compiz (core) - Warn: Couldn't bind background pixmap 0x3c00001 to texture
failed to create drawable
compiz (core) - Warn: glXCreatePixmap failed
compiz (core) - Warn: Couldn't bind background pixmap 0x3a00001 to texture
failed to create drawable
compiz (core) - Warn: glXCreatePixmap failed
compiz (core) - Warn: Couldn't bind background pixmap 0x3c00001 to texture
ERROR 2019-12-04 02:44:31 unity.settings UnitySettings.cpp:404 Invalid monitor index: -1. Returning index 0 monitor instead.
failed to create drawable
compiz (core) - Warn: glXCreatePixmap failed
compiz (core) - Warn: Couldn't bind background pixmap 0x3a00001 to texture
failed to create drawable
compiz (core) - Warn: glXCreatePixmap failed
compiz (core) - Warn: Couldn't bind background pixmap 0x3c00001 to texture
failed to create drawable
compiz (core) - Warn: glXCreatePixmap failed
compiz (core) - Warn: Couldn't bind background pixmap 0x3a00001 to texture
failed to create drawable
compiz (core) - Warn: glXCreatePixmap failed
compiz (core) - Warn: Couldn't bind background pixmap 0x3c00001 to texture
failed to create drawable
compiz (core) - Warn: glXCreatePixmap failed
compiz (core) - Warn: Couldn't bind background pixmap 0x3a00001 to texture
